<?xml version="1.0" encoding="UTF-8"?>
<!-- Generated by org.testng.reporters.JUnitReportReporter -->
<testsuite skipped="0" hostname="EN911254.local" name="Testing.CartTest" tests="1" failures="0" timestamp="2020-09-07T00:48:48 COT" time="5.412" errors="0">
  <testcase name="buyProduct" time="5.412" classname="Testing.CartTest"/>
  <system-out/>
</testsuite> <!-- Testing.CartTest -->
