<?xml version="1.0" encoding="UTF-8"?>
<!-- Generated by org.testng.reporters.JUnitReportReporter -->
<testsuite skipped="0" hostname="EN911254.local" name="Testing.ProductsTest" tests="1" failures="0" timestamp="2020-09-07T00:48:48 COT" time="9.256" errors="0">
  <testcase name="searchProduct" time="9.256" classname="Testing.ProductsTest"/>
  <system-out/>
</testsuite> <!-- Testing.ProductsTest -->
